<?xml version="1.0" encoding="UTF-8"?>
<!-- Generated by org.testng.reporters.JUnitReportReporter -->
<testsuite hostname="DESKTOP-41JC6ND" failures="0" tests="1" name="test.BeruTests" time="29.580" errors="0" timestamp="02 мая 2019 20:07:42 GMT" skipped="0">
  <testcase classname="test.BeruTests" name="toothbrushTest" time="29.580"/>
</testsuite> <!-- test.BeruTests -->
