<?xml version="1.0" encoding="UTF-8"?>
<!-- Generated by org.testng.reporters.JUnitReportReporter -->
<testsuite hostname="DESKTOP-41JC6ND" failures="0" tests="1" name="test.BeruTests" time="39.135" errors="0" timestamp="10 мая 2019 19:46:46 GMT" skipped="0">
  <testcase classname="test.BeruTests" name="loginTest" time="39.135"/>
</testsuite> <!-- test.BeruTests -->
